{"/Users/shayat/Documents/Projects/Campus/and-library-nodejs/server.js": {"path":"/Users/shayat/Documents/Projects/Campus/and-library-nodejs/server.js","statementMap":{"0":{"start":{"line":1,"column":16},"end":{"line":1,"column":34}},"1":{"start":{"line":2,"column":12},"end":{"line":2,"column":21}},"2":{"start":{"line":3,"column":19},"end":{"line":3,"column":41}},"3":{"start":{"line":4,"column":17},"end":{"line":4,"column":36}},"4":{"start":{"line":5,"column":0},"end":{"line":5,"column":34}},"5":{"start":{"line":8,"column":0},"end":{"line":12,"column":2}},"6":{"start":{"line":13,"column":0},"end":{"line":13,"column":27}},"7":{"start":{"line":15,"column":13},"end":{"line":15,"column":37}},"8":{"start":{"line":16,"column":18},"end":{"line":16,"column":48}},"9":{"start":{"line":17,"column":17},"end":{"line":17,"column":47}},"10":{"start":{"line":19,"column":0},"end":{"line":19,"column":19}},"11":{"start":{"line":21,"column":0},"end":{"line":23,"column":3}},"12":{"start":{"line":22,"column":2},"end":{"line":22,"column":36}},"13":{"start":{"line":25,"column":0},"end":{"line":25,"column":21}}},"fnMap":{"0":{"name":"(anonymous_0)","decl":{"start":{"line":21,"column":17},"end":{"line":21,"column":18}},"loc":{"start":{"line":21,"column":23},"end":{"line":23,"column":1}},"line":21}},"branchMap":{},"s":{"0":1,"1":1,"2":1,"3":1,"4":1,"5":1,"6":1,"7":1,"8":1,"9":1,"10":1,"11":1,"12":1,"13":1},"f":{"0":1},"b":{},"_coverageSchema":"332fd63041d2c1bcb487cc26dd0d5f7d97098a6c","hash":"76c3fb1991118a12bbc271fe896218bba6adb0dd"}
,"/Users/shayat/Documents/Projects/Campus/and-library-nodejs/models/book.js": {"path":"/Users/shayat/Documents/Projects/Campus/and-library-nodejs/models/book.js","statementMap":{"0":{"start":{"line":1,"column":17},"end":{"line":1,"column":36}},"1":{"start":{"line":2,"column":15},"end":{"line":2,"column":30}},"2":{"start":{"line":4,"column":19},"end":{"line":12,"column":2}},"3":{"start":{"line":14,"column":13},"end":{"line":14,"column":47}},"4":{"start":{"line":16,"column":0},"end":{"line":16,"column":22}}},"fnMap":{},"branchMap":{},"s":{"0":4,"1":4,"2":4,"3":4,"4":4},"f":{},"b":{},"_coverageSchema":"332fd63041d2c1bcb487cc26dd0d5f7d97098a6c","hash":"3d98386131b4a149ff2aabfaa900b5ee8c32b0cd"}
,"/Users/shayat/Documents/Projects/Campus/and-library-nodejs/routes/api-routes.js": {"path":"/Users/shayat/Documents/Projects/Campus/and-library-nodejs/routes/api-routes.js","statementMap":{"0":{"start":{"line":1,"column":16},"end":{"line":1,"column":34}},"1":{"start":{"line":2,"column":15},"end":{"line":2,"column":31}},"2":{"start":{"line":4,"column":13},"end":{"line":4,"column":38}},"3":{"start":{"line":5,"column":17},"end":{"line":5,"column":48}},"4":{"start":{"line":8,"column":0},"end":{"line":11,"column":3}},"5":{"start":{"line":9,"column":2},"end":{"line":9,"column":28}},"6":{"start":{"line":10,"column":2},"end":{"line":10,"column":22}},"7":{"start":{"line":13,"column":0},"end":{"line":18,"column":3}},"8":{"start":{"line":14,"column":2},"end":{"line":14,"column":39}},"9":{"start":{"line":15,"column":15},"end":{"line":15,"column":58}},"10":{"start":{"line":16,"column":2},"end":{"line":16,"column":28}},"11":{"start":{"line":17,"column":2},"end":{"line":17,"column":17}},"12":{"start":{"line":20,"column":0},"end":{"line":20,"column":24}}},"fnMap":{"0":{"name":"(anonymous_0)","decl":{"start":{"line":8,"column":35},"end":{"line":8,"column":36}},"loc":{"start":{"line":8,"column":49},"end":{"line":11,"column":1}},"line":8},"1":{"name":"(anonymous_1)","decl":{"start":{"line":13,"column":42},"end":{"line":13,"column":43}},"loc":{"start":{"line":13,"column":62},"end":{"line":18,"column":1}},"line":13}},"branchMap":{},"s":{"0":1,"1":1,"2":1,"3":1,"4":1,"5":0,"6":0,"7":1,"8":2,"9":2,"10":1,"11":1,"12":1},"f":{"0":0,"1":2},"b":{},"_coverageSchema":"332fd63041d2c1bcb487cc26dd0d5f7d97098a6c","hash":"4b956e3a45b2ceb55ac2f6d97b1943d67921dca7"}
,"/Users/shayat/Documents/Projects/Campus/and-library-nodejs/services/services.js": {"path":"/Users/shayat/Documents/Projects/Campus/and-library-nodejs/services/services.js","statementMap":{"0":{"start":{"line":1,"column":13},"end":{"line":1,"column":38}},"1":{"start":{"line":3,"column":0},"end":{"line":15,"column":2}},"2":{"start":{"line":5,"column":4},"end":{"line":13,"column":9}},"3":{"start":{"line":7,"column":8},"end":{"line":7,"column":25}},"4":{"start":{"line":10,"column":8},"end":{"line":12,"column":9}},"5":{"start":{"line":11,"column":10},"end":{"line":11,"column":54}}},"fnMap":{"0":{"name":"(anonymous_0)","decl":{"start":{"line":4,"column":14},"end":{"line":4,"column":15}},"loc":{"start":{"line":4,"column":23},"end":{"line":14,"column":3}},"line":4},"1":{"name":"(anonymous_1)","decl":{"start":{"line":6,"column":12},"end":{"line":6,"column":13}},"loc":{"start":{"line":6,"column":25},"end":{"line":8,"column":7}},"line":6},"2":{"name":"(anonymous_2)","decl":{"start":{"line":9,"column":13},"end":{"line":9,"column":14}},"loc":{"start":{"line":9,"column":22},"end":{"line":13,"column":7}},"line":9}},"branchMap":{"0":{"loc":{"start":{"line":10,"column":8},"end":{"line":12,"column":9}},"type":"if","locations":[{"start":{"line":10,"column":8},"end":{"line":12,"column":9}},{"start":{"line":10,"column":8},"end":{"line":12,"column":9}}],"line":10}},"s":{"0":3,"1":3,"2":7,"3":5,"4":1,"5":1},"f":{"0":7,"1":5,"2":1},"b":{"0":[1,0]},"_coverageSchema":"332fd63041d2c1bcb487cc26dd0d5f7d97098a6c","hash":"995b1876c9a9e570924ead593bed78ab94173573"}
}
