{"/Users/shayat/Documents/Projects/Campus/and-library-nodejs/server.js": {"path":"/Users/shayat/Documents/Projects/Campus/and-library-nodejs/server.js","statementMap":{"0":{"start":{"line":1,"column":16},"end":{"line":1,"column":34}},"1":{"start":{"line":2,"column":12},"end":{"line":2,"column":21}},"2":{"start":{"line":3,"column":19},"end":{"line":3,"column":41}},"3":{"start":{"line":4,"column":17},"end":{"line":4,"column":36}},"4":{"start":{"line":6,"column":0},"end":{"line":10,"column":2}},"5":{"start":{"line":11,"column":0},"end":{"line":11,"column":27}},"6":{"start":{"line":13,"column":13},"end":{"line":13,"column":37}},"7":{"start":{"line":14,"column":18},"end":{"line":14,"column":48}},"8":{"start":{"line":15,"column":17},"end":{"line":15,"column":47}},"9":{"start":{"line":17,"column":0},"end":{"line":17,"column":19}},"10":{"start":{"line":19,"column":0},"end":{"line":22,"column":2}},"11":{"start":{"line":24,"column":0},"end":{"line":26,"column":3}},"12":{"start":{"line":25,"column":2},"end":{"line":25,"column":36}},"13":{"start":{"line":28,"column":0},"end":{"line":28,"column":21}}},"fnMap":{"0":{"name":"(anonymous_0)","decl":{"start":{"line":24,"column":17},"end":{"line":24,"column":18}},"loc":{"start":{"line":24,"column":23},"end":{"line":26,"column":1}},"line":24}},"branchMap":{},"s":{"0":1,"1":1,"2":1,"3":1,"4":1,"5":1,"6":1,"7":1,"8":1,"9":1,"10":1,"11":1,"12":1,"13":1},"f":{"0":1},"b":{},"_coverageSchema":"332fd63041d2c1bcb487cc26dd0d5f7d97098a6c","hash":"a725b71f6cbc2a9193508b6750a49a0d7ab5a42f"}
,"/Users/shayat/Documents/Projects/Campus/and-library-nodejs/models/book.js": {"path":"/Users/shayat/Documents/Projects/Campus/and-library-nodejs/models/book.js","statementMap":{"0":{"start":{"line":1,"column":17},"end":{"line":1,"column":36}},"1":{"start":{"line":2,"column":15},"end":{"line":2,"column":30}},"2":{"start":{"line":4,"column":19},"end":{"line":12,"column":2}},"3":{"start":{"line":14,"column":13},"end":{"line":14,"column":47}},"4":{"start":{"line":16,"column":0},"end":{"line":16,"column":22}}},"fnMap":{},"branchMap":{},"s":{"0":2,"1":2,"2":2,"3":2,"4":2},"f":{},"b":{},"_coverageSchema":"332fd63041d2c1bcb487cc26dd0d5f7d97098a6c","hash":"3d98386131b4a149ff2aabfaa900b5ee8c32b0cd"}
,"/Users/shayat/Documents/Projects/Campus/and-library-nodejs/routes/api-routes.js": {"path":"/Users/shayat/Documents/Projects/Campus/and-library-nodejs/routes/api-routes.js","statementMap":{"0":{"start":{"line":1,"column":16},"end":{"line":1,"column":34}},"1":{"start":{"line":2,"column":15},"end":{"line":2,"column":31}},"2":{"start":{"line":4,"column":13},"end":{"line":4,"column":38}},"3":{"start":{"line":5,"column":17},"end":{"line":5,"column":48}},"4":{"start":{"line":8,"column":0},"end":{"line":11,"column":3}},"5":{"start":{"line":9,"column":2},"end":{"line":9,"column":28}},"6":{"start":{"line":10,"column":2},"end":{"line":10,"column":22}},"7":{"start":{"line":13,"column":0},"end":{"line":17,"column":3}},"8":{"start":{"line":14,"column":15},"end":{"line":14,"column":36}},"9":{"start":{"line":15,"column":2},"end":{"line":15,"column":28}},"10":{"start":{"line":16,"column":2},"end":{"line":16,"column":17}},"11":{"start":{"line":19,"column":0},"end":{"line":19,"column":24}}},"fnMap":{"0":{"name":"(anonymous_0)","decl":{"start":{"line":8,"column":35},"end":{"line":8,"column":36}},"loc":{"start":{"line":8,"column":49},"end":{"line":11,"column":1}},"line":8},"1":{"name":"(anonymous_1)","decl":{"start":{"line":13,"column":41},"end":{"line":13,"column":42}},"loc":{"start":{"line":13,"column":55},"end":{"line":17,"column":1}},"line":13}},"branchMap":{},"s":{"0":1,"1":1,"2":1,"3":1,"4":1,"5":0,"6":0,"7":1,"8":2,"9":1,"10":1,"11":1},"f":{"0":0,"1":2},"b":{},"_coverageSchema":"332fd63041d2c1bcb487cc26dd0d5f7d97098a6c","hash":"208f114591328ea93a2baba3669de5039b2710ed"}
,"/Users/shayat/Documents/Projects/Campus/and-library-nodejs/services/services.js": {"path":"/Users/shayat/Documents/Projects/Campus/and-library-nodejs/services/services.js","statementMap":{"0":{"start":{"line":1,"column":13},"end":{"line":1,"column":38}},"1":{"start":{"line":3,"column":0},"end":{"line":7,"column":2}},"2":{"start":{"line":5,"column":4},"end":{"line":5,"column":20}}},"fnMap":{"0":{"name":"(anonymous_0)","decl":{"start":{"line":4,"column":14},"end":{"line":4,"column":15}},"loc":{"start":{"line":4,"column":25},"end":{"line":6,"column":3}},"line":4}},"branchMap":{},"s":{"0":1,"1":1,"2":0},"f":{"0":0},"b":{},"_coverageSchema":"332fd63041d2c1bcb487cc26dd0d5f7d97098a6c","hash":"c9ad277ac4a4cbfee991ef92640cb6d6888b5b67"}
}
