TN:
SF:/Users/shayat/Documents/Projects/Campus/and-library-nodejs/server.js
FN:21,(anonymous_0)
FNF:1
FNH:1
FNDA:1,(anonymous_0)
DA:1,1
DA:2,1
DA:3,1
DA:4,1
DA:5,1
DA:8,1
DA:13,1
DA:15,1
DA:16,1
DA:17,1
DA:19,1
DA:21,1
DA:22,1
DA:25,1
LF:14
LH:14
BRF:0
BRH:0
end_of_record
TN:
SF:/Users/shayat/Documents/Projects/Campus/and-library-nodejs/models/book.js
FNF:0
FNH:0
DA:1,4
DA:2,4
DA:4,4
DA:14,4
DA:16,4
LF:5
LH:5
BRF:0
BRH:0
end_of_record
TN:
SF:/Users/shayat/Documents/Projects/Campus/and-library-nodejs/routes/api-routes.js
FN:8,(anonymous_0)
FN:13,(anonymous_1)
FNF:2
FNH:1
FNDA:0,(anonymous_0)
FNDA:2,(anonymous_1)
DA:1,1
DA:2,1
DA:4,1
DA:5,1
DA:8,1
DA:9,0
DA:10,0
DA:13,1
DA:14,2
DA:15,2
DA:16,1
DA:17,1
DA:20,1
LF:13
LH:11
BRF:0
BRH:0
end_of_record
TN:
SF:/Users/shayat/Documents/Projects/Campus/and-library-nodejs/services/services.js
FN:4,(anonymous_0)
FN:6,(anonymous_1)
FN:9,(anonymous_2)
FNF:3
FNH:3
FNDA:7,(anonymous_0)
FNDA:5,(anonymous_1)
FNDA:1,(anonymous_2)
DA:1,3
DA:3,3
DA:5,7
DA:7,5
DA:10,1
DA:11,1
LF:6
LH:6
BRDA:10,0,0,1
BRDA:10,0,1,0
BRF:2
BRH:1
end_of_record
