TN:
SF:/Users/shayat/Documents/Projects/Campus/and-library-nodejs/server.js
FN:24,(anonymous_0)
FNF:1
FNH:1
FNDA:1,(anonymous_0)
DA:1,1
DA:2,1
DA:3,1
DA:4,1
DA:6,1
DA:11,1
DA:13,1
DA:14,1
DA:15,1
DA:17,1
DA:19,1
DA:24,1
DA:25,1
DA:28,1
LF:14
LH:14
BRF:0
BRH:0
end_of_record
TN:
SF:/Users/shayat/Documents/Projects/Campus/and-library-nodejs/models/book.js
FNF:0
FNH:0
DA:1,2
DA:2,2
DA:4,2
DA:14,2
DA:16,2
LF:5
LH:5
BRF:0
BRH:0
end_of_record
TN:
SF:/Users/shayat/Documents/Projects/Campus/and-library-nodejs/routes/api-routes.js
FN:8,(anonymous_0)
FN:13,(anonymous_1)
FNF:2
FNH:1
FNDA:0,(anonymous_0)
FNDA:2,(anonymous_1)
DA:1,1
DA:2,1
DA:4,1
DA:5,1
DA:8,1
DA:9,0
DA:10,0
DA:13,1
DA:14,2
DA:15,1
DA:16,1
DA:19,1
LF:12
LH:10
BRF:0
BRH:0
end_of_record
TN:
SF:/Users/shayat/Documents/Projects/Campus/and-library-nodejs/services/services.js
FN:4,(anonymous_0)
FNF:1
FNH:0
FNDA:0,(anonymous_0)
DA:1,1
DA:3,1
DA:5,0
LF:3
LH:2
BRF:0
BRH:0
end_of_record
